<?xml version="1.0" encoding="UTF-8"?>
<!-- Generated by org.testng.reporters.JUnitXMLReporter -->
<testsuite ignored="4" hostname="LAPTOP-SEER9G24" failures="0" tests="1" name="Sanity" time="33.107" errors="0" timestamp="2024-03-26T12:52:58 IST">
  <testcase classname="regression.RegressionTesting" name="handleframes" time="33.071"/>
  <testcase classname="regression.RegressionTesting" name="registration" time="0.0">
    <ignored/>
  </testcase> <!-- registration -->
  <testcase classname="regression.RegressionTesting" name="handleActions" time="0.0">
    <ignored/>
  </testcase> <!-- handleActions -->
  <testcase classname="regression.RegressionTesting" name="handlewindows" time="0.0">
    <ignored/>
  </testcase> <!-- handlewindows -->
  <testcase classname="regression.RegressionTesting" name="getAlerts" time="0.0">
    <ignored/>
  </testcase> <!-- getAlerts -->
</testsuite> <!-- Sanity -->
