<?xml version="1.0" encoding="UTF-8"?>
<testng-results ignored="4" total="5" passed="1" failed="0" skipped="0">
  <reporter-output>
  </reporter-output>
  <suite started-at="2024-03-26T12:52:25 IST" name="Regession" finished-at="2024-03-26T12:52:58 IST" duration-ms="33107">
    <groups>
    </groups>
    <test started-at="2024-03-26T12:52:25 IST" name="Sanity" finished-at="2024-03-26T12:52:58 IST" duration-ms="33107">
      <class name="regression.RegressionTesting">
        <test-method signature="handleframes()[pri:0, instance:regression.RegressionTesting@6eda5c9]" started-at="2024-03-26T12:52:25 IST" name="handleframes" finished-at="2024-03-26T12:52:58 IST" duration-ms="33071" status="PASS">
          <reporter-output>
          </reporter-output>
        </test-method> <!-- handleframes -->
      </class> <!-- regression.RegressionTesting -->
    </test> <!-- Sanity -->
  </suite> <!-- Regession -->
</testng-results>
